https://prosas.com.br/editais/17146
https://prosas.com.br/editais/17148
https://prosas.com.br/editais/17150
https://prosas.com.br/editais/17120
https://prosas.com.br/editais/17239
https://prosas.com.br/editais/17223
https://prosas.com.br/editais/17027
https://prosas.com.br/editais/17010
https://prosas.com.br/editais/17245
https://prosas.com.br/editais/17137
https://prosas.com.br/editais/17135
https://prosas.com.br/editais/17134
https://prosas.com.br/editais/17132
https://prosas.com.br/editais/17131
https://prosas.com.br/editais/17128
https://prosas.com.br/editais/17127
https://prosas.com.br/editais/17122
https://prosas.com.br/editais/17109
https://www.gov.br/trabalho-e-emprego/pt-br/noticias-e-conteudo/2026/fevereiro/mte-apresenta-prioridades-da-economia-popular-e-solidaria-para-2026-em-live-da-senaes
https://www.gov.br/trabalho-e-emprego/pt-br/noticias-e-conteudo/2026/fevereiro/mte-e-dieese-lancam-edital-para-artigos-cientificos-sobre-o-salario-minimo-1
https://www.gov.br/esg/pt-br/centrais-de-conteudo/noticias/esg-abre-selecao-para-redistribuicao-de-professor-do-magisterio-superior/Edital_4_ANEXO_III.pdf/@@display-file/file
https://www.gov.br/mpa/pt-br/assuntos/noticias/SEI_50327997_Edital.pdf
https://www.gov.br/mcom/pt-br/acesso-a-informacao/acoes-e-programas/programas-projetos-acoes-obras-e-atividades/funttel/editais/edital-n-47-2026-mcom-funttel.pdf/view
http://www.avesol.org.br/2026/02/comunicado-edital-de-termo-de_24.html
https://crcrn.org.br/edital-de-chamamento-publico-no-002-2026/
